<?xml version="1.0" encoding="UTF-8"?>
<beans xmlns="http://www.springframework.org/schema/beans"
       xmlns:xsi="http://www.w3.org/2001/XMLSchema-instance"
       xsi:schemaLocation="
        http://www.springframework.org/schema/beans
        http://www.springframework.org/schema/beans/spring-beans.xsd">

    <bean id="dateFormat" class="java.text.SimpleDateFormat">
        <constructor-arg value="yyyy-MM-dd"/>
    </bean>

    <bean id="user" class="com.vincent.study.model.User">
        <property name="userId" value="001"/>
        <property name="userName" value="vincent"/>
        <property name="userAge" value="23"/>
        <property name="userAvatar" value="///////////////////////"/>
        <property name="userBirth">
            <bean factory-bean="dateFormat" factory-method="parse">
                <constructor-arg value="2016-06-12"/>
            </bean>
        </property>
    </bean>

</beans>